This is pdfTeX, Version 3.1415926-2.5-1.40.14 (TeX Live 2013) (format=pdflatex 2014.3.31)  4 SEP 2014 14:51
entering extended mode
 restricted \write18 enabled.
 file:line:error style messages enabled.
 %&-line parsing enabled.
**ociamthesis.tex
(./ociamthesis.tex
LaTeX2e <2011/06/27>
Babel <3.9f> and hyphenation patterns for 78 languages loaded.
(./ociamthesis.cls
Document Class: ociamthesis 2010/11/22 v2.2 OCIAM thesis class
(/usr/local/texlive/2013/texmf-dist/tex/latex/base/report.cls
Document Class: report 2007/10/19 v1.4h Standard LaTeX document class
(/usr/local/texlive/2013/texmf-dist/tex/latex/base/size12.clo
File: size12.clo 2007/10/19 v1.4h Standard LaTeX file (size option)
)
\c@part=\count79
\c@chapter=\count80
\c@section=\count81
\c@subsection=\count82
\c@subsubsection=\count83
\c@paragraph=\count84
\c@subparagraph=\count85
\c@figure=\count86
\c@table=\count87
\abovecaptionskip=\skip41
\belowcaptionskip=\skip42
\bibindent=\dimen102
)
(/usr/local/texlive/2013/texmf-dist/tex/latex/graphics/graphicx.sty
Package: graphicx 1999/02/16 v1.0f Enhanced LaTeX Graphics (DPC,SPQR)

(/usr/local/texlive/2013/texmf-dist/tex/latex/graphics/keyval.sty
Package: keyval 1999/03/16 v1.13 key=value parser (DPC)
\KV@toks@=\toks14
)
(/usr/local/texlive/2013/texmf-dist/tex/latex/graphics/graphics.sty
Package: graphics 2009/02/05 v1.0o Standard LaTeX Graphics (DPC,SPQR)

(/usr/local/texlive/2013/texmf-dist/tex/latex/graphics/trig.sty
Package: trig 1999/03/16 v1.09 sin cos tan (DPC)
)
(/usr/local/texlive/2013/texmf-dist/tex/latex/latexconfig/graphics.cfg
File: graphics.cfg 2010/04/23 v1.9 graphics configuration of TeX Live
)
Package graphics Info: Driver file: pdftex.def on input line 91.

(/usr/local/texlive/2013/texmf-dist/tex/latex/pdftex-def/pdftex.def
File: pdftex.def 2011/05/27 v0.06d Graphics/color for pdfTeX

(/usr/local/texlive/2013/texmf-dist/tex/generic/oberdiek/infwarerr.sty
Package: infwarerr 2010/04/08 v1.3 Providing info/warning/error messages (HO)
)
(/usr/local/texlive/2013/texmf-dist/tex/generic/oberdiek/ltxcmds.sty
Package: ltxcmds 2011/11/09 v1.22 LaTeX kernel commands for general use (HO)
)
\Gread@gobject=\count88
))
\Gin@req@height=\dimen103
\Gin@req@width=\dimen104
)
(/usr/local/texlive/2013/texmf-dist/tex/latex/base/ifthen.sty
Package: ifthen 2001/05/26 v1.1c Standard LaTeX ifthen package (DPC)
))
(/usr/local/texlive/2013/texmf-dist/tex/latex/amsfonts/amssymb.sty
Package: amssymb 2013/01/14 v3.01 AMS font symbols

(/usr/local/texlive/2013/texmf-dist/tex/latex/amsfonts/amsfonts.sty
Package: amsfonts 2013/01/14 v3.01 Basic AMSFonts support
\@emptytoks=\toks15
\symAMSa=\mathgroup4
\symAMSb=\mathgroup5
LaTeX Font Info:    Overwriting math alphabet `\mathfrak' in version `bold'
(Font)                  U/euf/m/n --> U/euf/b/n on input line 106.
))
(/usr/local/texlive/2013/texmf-dist/tex/latex/amsmath/amsmath.sty
Package: amsmath 2013/01/14 v2.14 AMS math features
\@mathmargin=\skip43

For additional information on amsmath, use the `?' option.
(/usr/local/texlive/2013/texmf-dist/tex/latex/amsmath/amstext.sty
Package: amstext 2000/06/29 v2.01

(/usr/local/texlive/2013/texmf-dist/tex/latex/amsmath/amsgen.sty
File: amsgen.sty 1999/11/30 v2.0
\@emptytoks=\toks16
\ex@=\dimen105
))
(/usr/local/texlive/2013/texmf-dist/tex/latex/amsmath/amsbsy.sty
Package: amsbsy 1999/11/29 v1.2d
\pmbraise@=\dimen106
)
(/usr/local/texlive/2013/texmf-dist/tex/latex/amsmath/amsopn.sty
Package: amsopn 1999/12/14 v2.01 operator names
)
\inf@bad=\count89
LaTeX Info: Redefining \frac on input line 210.
\uproot@=\count90
\leftroot@=\count91
LaTeX Info: Redefining \overline on input line 306.
\classnum@=\count92
\DOTSCASE@=\count93
LaTeX Info: Redefining \ldots on input line 378.
LaTeX Info: Redefining \dots on input line 381.
LaTeX Info: Redefining \cdots on input line 466.
\Mathstrutbox@=\box26
\strutbox@=\box27
\big@size=\dimen107
LaTeX Font Info:    Redeclaring font encoding OML on input line 566.
LaTeX Font Info:    Redeclaring font encoding OMS on input line 567.
\macc@depth=\count94
\c@MaxMatrixCols=\count95
\dotsspace@=\muskip10
\c@parentequation=\count96
\dspbrk@lvl=\count97
\tag@help=\toks17
\row@=\count98
\column@=\count99
\maxfields@=\count100
\andhelp@=\toks18
\eqnshift@=\dimen108
\alignsep@=\dimen109
\tagshift@=\dimen110
\tagwidth@=\dimen111
\totwidth@=\dimen112
\lineht@=\dimen113
\@envbody=\toks19
\multlinegap=\skip44
\multlinetaggap=\skip45
\mathdisplay@stack=\toks20
LaTeX Info: Redefining \[ on input line 2665.
LaTeX Info: Redefining \] on input line 2666.
)
(/usr/local/texlive/2013/texmf-dist/tex/latex/algorithms/algorithm.sty
Package: algorithm 2009/08/24 v0.1 Document Style `algorithm' - floating enviro
nment

(/usr/local/texlive/2013/texmf-dist/tex/latex/float/float.sty
Package: float 2001/11/08 v1.3d Float enhancements (AL)
\c@float@type=\count101
\float@exts=\toks21
\float@box=\box28
\@float@everytoks=\toks22
\@floatcapt=\box29
)
\@float@every@algorithm=\toks23
\c@algorithm=\count102
)
(/usr/local/texlive/2013/texmf-dist/tex/latex/algorithmicx/algpseudocode.sty
Package: algpseudocode 

(/usr/local/texlive/2013/texmf-dist/tex/latex/algorithmicx/algorithmicx.sty
Package: algorithmicx 2005/04/27 v1.2 Algorithmicx

Document Style algorithmicx 1.2 - a greatly improved `algorithmic' style
\c@ALG@line=\count103
\c@ALG@rem=\count104
\c@ALG@nested=\count105
\ALG@tlm=\skip46
\ALG@thistlm=\skip47
\c@ALG@Lnr=\count106
\c@ALG@blocknr=\count107
\c@ALG@storecount=\count108
\c@ALG@tmpcounter=\count109
\ALG@tmplength=\skip48
)
Document Style - pseudocode environments for use with the `algorithmicx' style
) (/usr/local/texlive/2013/texmf-dist/tex/latex/pgfplots/pgfplots.sty
(/usr/local/texlive/2013/texmf-dist/tex/generic/pgfplots/pgfplots.revision.tex)
Package: pgfplots 2013/03/17 v1.8 Data Visualization (1.8-3-gaf58a29)
(/usr/local/texlive/2013/texmf-dist/tex/latex/pgf/frontendlayer/tikz.sty
(/usr/local/texlive/2013/texmf-dist/tex/latex/pgf/basiclayer/pgf.sty
(/usr/local/texlive/2013/texmf-dist/tex/latex/pgf/utilities/pgfrcs.sty
(/usr/local/texlive/2013/texmf-dist/tex/generic/pgf/utilities/pgfutil-common.te
x
\pgfutil@everybye=\toks24
)
(/usr/local/texlive/2013/texmf-dist/tex/generic/pgf/utilities/pgfutil-latex.def
\pgfutil@abb=\box30
(/usr/local/texlive/2013/texmf-dist/tex/latex/ms/everyshi.sty
Package: everyshi 2001/05/15 v3.00 EveryShipout Package (MS)
))
(/usr/local/texlive/2013/texmf-dist/tex/generic/pgf/utilities/pgfrcs.code.tex
Package: pgfrcs 2010/10/25 v2.10 (rcs-revision 1.24)
))
Package: pgf 2008/01/15 v2.10 (rcs-revision 1.12)
(/usr/local/texlive/2013/texmf-dist/tex/latex/pgf/basiclayer/pgfcore.sty
(/usr/local/texlive/2013/texmf-dist/tex/latex/pgf/systemlayer/pgfsys.sty
(/usr/local/texlive/2013/texmf-dist/tex/generic/pgf/systemlayer/pgfsys.code.tex
Package: pgfsys 2010/06/30 v2.10 (rcs-revision 1.37)
(/usr/local/texlive/2013/texmf-dist/tex/generic/pgf/utilities/pgfkeys.code.tex
\pgfkeys@pathtoks=\toks25
\pgfkeys@temptoks=\toks26

(/usr/local/texlive/2013/texmf-dist/tex/generic/pgf/utilities/pgfkeysfiltered.c
ode.tex
\pgfkeys@tmptoks=\toks27
))
\pgf@x=\dimen114
\pgf@y=\dimen115
\pgf@xa=\dimen116
\pgf@ya=\dimen117
\pgf@xb=\dimen118
\pgf@yb=\dimen119
\pgf@xc=\dimen120
\pgf@yc=\dimen121
\w@pgf@writea=\write3
\r@pgf@reada=\read1
\c@pgf@counta=\count110
\c@pgf@countb=\count111
\c@pgf@countc=\count112
\c@pgf@countd=\count113

(/usr/local/texlive/2013/texmf-dist/tex/generic/pgf/systemlayer/pgf.cfg
File: pgf.cfg 2008/05/14  (rcs-revision 1.7)
)
Package pgfsys Info: Driver file for pgf: pgfsys-pdftex.def on input line 900.

(/usr/local/texlive/2013/texmf-dist/tex/generic/pgf/systemlayer/pgfsys-pdftex.d
ef
File: pgfsys-pdftex.def 2009/05/22  (rcs-revision 1.26)

(/usr/local/texlive/2013/texmf-dist/tex/generic/pgf/systemlayer/pgfsys-common-p
df.def
File: pgfsys-common-pdf.def 2008/05/19  (rcs-revision 1.10)
)))
(/usr/local/texlive/2013/texmf-dist/tex/generic/pgf/systemlayer/pgfsyssoftpath.
code.tex
File: pgfsyssoftpath.code.tex 2008/07/18  (rcs-revision 1.7)
\pgfsyssoftpath@smallbuffer@items=\count114
\pgfsyssoftpath@bigbuffer@items=\count115
)
(/usr/local/texlive/2013/texmf-dist/tex/generic/pgf/systemlayer/pgfsysprotocol.
code.tex
File: pgfsysprotocol.code.tex 2006/10/16  (rcs-revision 1.4)
)) (/usr/local/texlive/2013/texmf-dist/tex/latex/xcolor/xcolor.sty
Package: xcolor 2007/01/21 v2.11 LaTeX color extensions (UK)

(/usr/local/texlive/2013/texmf-dist/tex/latex/latexconfig/color.cfg
File: color.cfg 2007/01/18 v1.5 color configuration of teTeX/TeXLive
)
Package xcolor Info: Driver file: pdftex.def on input line 225.
Package xcolor Info: Model `cmy' substituted by `cmy0' on input line 1337.
Package xcolor Info: Model `hsb' substituted by `rgb' on input line 1341.
Package xcolor Info: Model `RGB' extended on input line 1353.
Package xcolor Info: Model `HTML' substituted by `rgb' on input line 1355.
Package xcolor Info: Model `Hsb' substituted by `hsb' on input line 1356.
Package xcolor Info: Model `tHsb' substituted by `hsb' on input line 1357.
Package xcolor Info: Model `HSB' substituted by `hsb' on input line 1358.
Package xcolor Info: Model `Gray' substituted by `gray' on input line 1359.
Package xcolor Info: Model `wave' substituted by `hsb' on input line 1360.
)
(/usr/local/texlive/2013/texmf-dist/tex/generic/pgf/basiclayer/pgfcore.code.tex
Package: pgfcore 2010/04/11 v2.10 (rcs-revision 1.7)
(/usr/local/texlive/2013/texmf-dist/tex/generic/pgf/math/pgfmath.code.tex
(/usr/local/texlive/2013/texmf-dist/tex/generic/pgf/math/pgfmathcalc.code.tex
(/usr/local/texlive/2013/texmf-dist/tex/generic/pgf/math/pgfmathutil.code.tex)
(/usr/local/texlive/2013/texmf-dist/tex/generic/pgf/math/pgfmathparser.code.tex
\pgfmath@dimen=\dimen122
\pgfmath@count=\count116
\pgfmath@box=\box31
\pgfmath@toks=\toks28
\pgfmath@stack@operand=\toks29
\pgfmath@stack@operation=\toks30
)
(/usr/local/texlive/2013/texmf-dist/tex/generic/pgf/math/pgfmathfunctions.code.
tex
(/usr/local/texlive/2013/texmf-dist/tex/generic/pgf/math/pgfmathfunctions.basic
.code.tex)
(/usr/local/texlive/2013/texmf-dist/tex/generic/pgf/math/pgfmathfunctions.trigo
nometric.code.tex)
(/usr/local/texlive/2013/texmf-dist/tex/generic/pgf/math/pgfmathfunctions.rando
m.code.tex)
(/usr/local/texlive/2013/texmf-dist/tex/generic/pgf/math/pgfmathfunctions.compa
rison.code.tex)
(/usr/local/texlive/2013/texmf-dist/tex/generic/pgf/math/pgfmathfunctions.base.
code.tex)
(/usr/local/texlive/2013/texmf-dist/tex/generic/pgf/math/pgfmathfunctions.round
.code.tex)
(/usr/local/texlive/2013/texmf-dist/tex/generic/pgf/math/pgfmathfunctions.misc.
code.tex)))
(/usr/local/texlive/2013/texmf-dist/tex/generic/pgf/math/pgfmathfloat.code.tex
\c@pgfmathroundto@lastzeros=\count117
))
(/usr/local/texlive/2013/texmf-dist/tex/generic/pgf/basiclayer/pgfcorepoints.co
de.tex
File: pgfcorepoints.code.tex 2010/04/09  (rcs-revision 1.20)
\pgf@picminx=\dimen123
\pgf@picmaxx=\dimen124
\pgf@picminy=\dimen125
\pgf@picmaxy=\dimen126
\pgf@pathminx=\dimen127
\pgf@pathmaxx=\dimen128
\pgf@pathminy=\dimen129
\pgf@pathmaxy=\dimen130
\pgf@xx=\dimen131
\pgf@xy=\dimen132
\pgf@yx=\dimen133
\pgf@yy=\dimen134
\pgf@zx=\dimen135
\pgf@zy=\dimen136
)
(/usr/local/texlive/2013/texmf-dist/tex/generic/pgf/basiclayer/pgfcorepathconst
ruct.code.tex
File: pgfcorepathconstruct.code.tex 2010/08/03  (rcs-revision 1.24)
\pgf@path@lastx=\dimen137
\pgf@path@lasty=\dimen138
)
(/usr/local/texlive/2013/texmf-dist/tex/generic/pgf/basiclayer/pgfcorepathusage
.code.tex
File: pgfcorepathusage.code.tex 2008/04/22  (rcs-revision 1.12)
\pgf@shorten@end@additional=\dimen139
\pgf@shorten@start@additional=\dimen140
)
(/usr/local/texlive/2013/texmf-dist/tex/generic/pgf/basiclayer/pgfcorescopes.co
de.tex
File: pgfcorescopes.code.tex 2010/09/08  (rcs-revision 1.34)
\pgfpic=\box32
\pgf@hbox=\box33
\pgf@layerbox@main=\box34
\pgf@picture@serial@count=\count118
)
(/usr/local/texlive/2013/texmf-dist/tex/generic/pgf/basiclayer/pgfcoregraphicst
ate.code.tex
File: pgfcoregraphicstate.code.tex 2008/04/22  (rcs-revision 1.9)
\pgflinewidth=\dimen141
)
(/usr/local/texlive/2013/texmf-dist/tex/generic/pgf/basiclayer/pgfcoretransform
ations.code.tex
File: pgfcoretransformations.code.tex 2009/06/10  (rcs-revision 1.11)
\pgf@pt@x=\dimen142
\pgf@pt@y=\dimen143
\pgf@pt@temp=\dimen144
)
(/usr/local/texlive/2013/texmf-dist/tex/generic/pgf/basiclayer/pgfcorequick.cod
e.tex
File: pgfcorequick.code.tex 2008/10/09  (rcs-revision 1.3)
)
(/usr/local/texlive/2013/texmf-dist/tex/generic/pgf/basiclayer/pgfcoreobjects.c
ode.tex
File: pgfcoreobjects.code.tex 2006/10/11  (rcs-revision 1.2)
)
(/usr/local/texlive/2013/texmf-dist/tex/generic/pgf/basiclayer/pgfcorepathproce
ssing.code.tex
File: pgfcorepathprocessing.code.tex 2008/10/09  (rcs-revision 1.8)
)
(/usr/local/texlive/2013/texmf-dist/tex/generic/pgf/basiclayer/pgfcorearrows.co
de.tex
File: pgfcorearrows.code.tex 2008/04/23  (rcs-revision 1.11)
)
(/usr/local/texlive/2013/texmf-dist/tex/generic/pgf/basiclayer/pgfcoreshade.cod
e.tex
File: pgfcoreshade.code.tex 2008/11/23  (rcs-revision 1.13)
\pgf@max=\dimen145
\pgf@sys@shading@range@num=\count119
)
(/usr/local/texlive/2013/texmf-dist/tex/generic/pgf/basiclayer/pgfcoreimage.cod
e.tex
File: pgfcoreimage.code.tex 2010/03/25  (rcs-revision 1.16)

(/usr/local/texlive/2013/texmf-dist/tex/generic/pgf/basiclayer/pgfcoreexternal.
code.tex
File: pgfcoreexternal.code.tex 2010/09/01  (rcs-revision 1.17)
\pgfexternal@startupbox=\box35
))
(/usr/local/texlive/2013/texmf-dist/tex/generic/pgf/basiclayer/pgfcorelayers.co
de.tex
File: pgfcorelayers.code.tex 2010/08/27  (rcs-revision 1.2)
)
(/usr/local/texlive/2013/texmf-dist/tex/generic/pgf/basiclayer/pgfcoretranspare
ncy.code.tex
File: pgfcoretransparency.code.tex 2008/01/17  (rcs-revision 1.2)
)
(/usr/local/texlive/2013/texmf-dist/tex/generic/pgf/basiclayer/pgfcorepatterns.
code.tex
File: pgfcorepatterns.code.tex 2009/07/02  (rcs-revision 1.3)
)))
(/usr/local/texlive/2013/texmf-dist/tex/generic/pgf/modules/pgfmoduleshapes.cod
e.tex
File: pgfmoduleshapes.code.tex 2010/09/09  (rcs-revision 1.13)
\pgfnodeparttextbox=\box36
)
(/usr/local/texlive/2013/texmf-dist/tex/generic/pgf/modules/pgfmoduleplot.code.
tex
File: pgfmoduleplot.code.tex 2010/10/22  (rcs-revision 1.8)
)
(/usr/local/texlive/2013/texmf-dist/tex/latex/pgf/compatibility/pgfcomp-version
-0-65.sty
Package: pgfcomp-version-0-65 2007/07/03 v2.10 (rcs-revision 1.7)
\pgf@nodesepstart=\dimen146
\pgf@nodesepend=\dimen147
)
(/usr/local/texlive/2013/texmf-dist/tex/latex/pgf/compatibility/pgfcomp-version
-1-18.sty
Package: pgfcomp-version-1-18 2007/07/23 v2.10 (rcs-revision 1.1)
))
(/usr/local/texlive/2013/texmf-dist/tex/latex/pgf/utilities/pgffor.sty
(/usr/local/texlive/2013/texmf-dist/tex/latex/pgf/utilities/pgfkeys.sty
(/usr/local/texlive/2013/texmf-dist/tex/generic/pgf/utilities/pgfkeys.code.tex)
) (/usr/local/texlive/2013/texmf-dist/tex/generic/pgf/utilities/pgffor.code.tex
Package: pgffor 2010/03/23 v2.10 (rcs-revision 1.18)
\pgffor@iter=\dimen148
\pgffor@skip=\dimen149
\pgffor@stack=\toks31
\pgffor@toks=\toks32
))
(/usr/local/texlive/2013/texmf-dist/tex/generic/pgf/frontendlayer/tikz/tikz.cod
e.tex
Package: tikz 2010/10/13 v2.10 (rcs-revision 1.76)

(/usr/local/texlive/2013/texmf-dist/tex/generic/pgf/libraries/pgflibraryplothan
dlers.code.tex
File: pgflibraryplothandlers.code.tex 2010/05/31 v2.10 (rcs-revision 1.15)
\pgf@plot@mark@count=\count120
\pgfplotmarksize=\dimen150
)
\tikz@lastx=\dimen151
\tikz@lasty=\dimen152
\tikz@lastxsaved=\dimen153
\tikz@lastysaved=\dimen154
\tikzleveldistance=\dimen155
\tikzsiblingdistance=\dimen156
\tikz@figbox=\box37
\tikz@tempbox=\box38
\tikztreelevel=\count121
\tikznumberofchildren=\count122
\tikznumberofcurrentchild=\count123
\tikz@fig@count=\count124

(/usr/local/texlive/2013/texmf-dist/tex/generic/pgf/modules/pgfmodulematrix.cod
e.tex
File: pgfmodulematrix.code.tex 2010/08/24  (rcs-revision 1.4)
\pgfmatrixcurrentrow=\count125
\pgfmatrixcurrentcolumn=\count126
\pgf@matrix@numberofcolumns=\count127
)
\tikz@expandcount=\count128

(/usr/local/texlive/2013/texmf-dist/tex/generic/pgf/frontendlayer/tikz/librarie
s/tikzlibrarytopaths.code.tex
File: tikzlibrarytopaths.code.tex 2008/06/17 v2.10 (rcs-revision 1.2)
)))
(/usr/local/texlive/2013/texmf-dist/tex/generic/pgfplots/pgfplots.code.tex
(/usr/local/texlive/2013/texmf-dist/tex/generic/pgfplots/pgfplotscore.code.tex
\t@pgfplots@toka=\toks33
\t@pgfplots@tokb=\toks34
\t@pgfplots@tokc=\toks35
\pgfplots@tmpa=\dimen157
\c@pgfplots@coordindex=\count129
\c@pgfplots@scanlineindex=\count130

(/usr/local/texlive/2013/texmf-dist/tex/generic/pgfplots/sys/pgfplotssysgeneric
.code.tex))
(/usr/local/texlive/2013/texmf-dist/tex/generic/pgfplots/libs/pgfplotslibrary.c
ode.tex)
(/usr/local/texlive/2013/texmf-dist/tex/generic/pgfplots/oldpgfcompatib/pgfplot
soldpgfsupp_loader.code.tex
Package pgfplots: loading complementary code for your PGF version...

(/usr/local/texlive/2013/texmf-dist/tex/generic/pgfplots/oldpgfcompatib/pgfplot
soldpgfsupp_misc.code.tex)
(/usr/local/texlive/2013/texmf-dist/tex/generic/pgfplots/oldpgfcompatib/pgfplot
soldpgfsupp_pgfkeys.code.tex
\pgfkeys@pathtoks=\toks36
\pgfkeys@temptoks=\toks37

(/usr/local/texlive/2013/texmf-dist/tex/generic/pgfplots/oldpgfcompatib/pgfplot
soldpgfsupp_pgfkeysfiltered.code.tex
\pgfkeys@tmptoks=\toks38
))
(/usr/local/texlive/2013/texmf-dist/tex/generic/pgfplots/oldpgfcompatib/pgfplot
soldpgfsupp_pgfmathfloat.code.tex
\c@pgfmathroundto@lastzeros=\count131
)
(/usr/local/texlive/2013/texmf-dist/tex/generic/pgfplots/oldpgfcompatib/pgfplot
soldpgfsupp_pgflibraryplothandlers.code.tex
File: pgflibraryplothandlers.code.tex 2012/09/11 v2.10 (rcs-revision 1.17)
\pgf@plot@mark@count=\count132
\pgfplotmarksize=\dimen158
)
(/usr/local/texlive/2013/texmf-dist/tex/generic/pgfplots/oldpgfcompatib/pgfplot
soldpgfsupp_pgflibraryfpu.code.tex)
(/usr/local/texlive/2013/texmf-dist/tex/generic/pgfplots/oldpgfcompatib/pgfplot
soldpgfsupp_pgfcorescopes.code.tex
File: pgfcorescopes.code.tex 2012/11/30  (rcs-revision 1.38)
\pgfpic=\box39
\pgf@hbox=\box40
\pgf@layerbox@main=\box41
\pgf@picture@serial@count=\count133
)
(/usr/local/texlive/2013/texmf-dist/tex/generic/pgfplots/oldpgfcompatib/pgfplot
soldpgfsupp_pgfcorelayers.code.tex
File: pgfcorelayers.code.tex 2012/11/07  (rcs-revision 1.5)
))
(/usr/local/texlive/2013/texmf-dist/tex/generic/pgfplots/util/pgfplotsutil.code
.tex
(/usr/local/texlive/2013/texmf-dist/tex/generic/pgfplots/liststructure/pgfplots
liststructure.code.tex)
(/usr/local/texlive/2013/texmf-dist/tex/generic/pgfplots/liststructure/pgfplots
liststructureext.code.tex)
(/usr/local/texlive/2013/texmf-dist/tex/generic/pgfplots/liststructure/pgfplots
array.code.tex
\c@pgfplotsarray@tmp=\count134
)
(/usr/local/texlive/2013/texmf-dist/tex/generic/pgfplots/liststructure/pgfplots
matrix.code.tex)
(/usr/local/texlive/2013/texmf-dist/tex/generic/pgfplots/numtable/pgfplotstable
shared.code.tex
\c@pgfplotstable@counta=\count135
\t@pgfplotstable@a=\toks39
)
(/usr/local/texlive/2013/texmf-dist/tex/generic/pgfplots/liststructure/pgfplots
deque.code.tex)
(/usr/local/texlive/2013/texmf-dist/tex/generic/pgfplots/util/pgfplotsbinary.co
de.tex
(/usr/local/texlive/2013/texmf-dist/tex/generic/pgfplots/util/pgfplotsbinary.da
ta.code.tex))
(/usr/local/texlive/2013/texmf-dist/tex/generic/pgfplots/util/pgfplotsutil.verb
.code.tex)
(/usr/local/texlive/2013/texmf-dist/tex/generic/pgfplots/libs/pgflibrarypgfplot
s.surfshading.code.tex
\c@pgfplotslibrarysurf@no=\count136

(/usr/local/texlive/2013/texmf-dist/tex/generic/pgfplots/sys/pgflibrarypgfplots
.surfshading.pgfsys-pdftex.def)))
(/usr/local/texlive/2013/texmf-dist/tex/generic/pgfplots/util/pgfplotscolormap.
code.tex
(/usr/local/texlive/2013/texmf-dist/tex/generic/pgfplots/util/pgfplotscolor.cod
e.tex))
(/usr/local/texlive/2013/texmf-dist/tex/generic/pgfplots/pgfplotsstackedplots.c
ode.tex)
(/usr/local/texlive/2013/texmf-dist/tex/generic/pgfplots/pgfplotsplothandlers.c
ode.tex
(/usr/local/texlive/2013/texmf-dist/tex/generic/pgfplots/pgfplotsmeshplothandle
r.code.tex))
(/usr/local/texlive/2013/texmf-dist/tex/generic/pgfplots/pgfplots.scaling.code.
tex)
(/usr/local/texlive/2013/texmf-dist/tex/generic/pgfplots/pgfplotscoordprocessin
g.code.tex)
(/usr/local/texlive/2013/texmf-dist/tex/generic/pgfplots/pgfplotsticks.code.tex
)
(/usr/local/texlive/2013/texmf-dist/tex/generic/pgfplots/pgfplots.paths.code.te
x)
(/usr/local/texlive/2013/texmf-dist/tex/generic/pgf/frontendlayer/tikz/librarie
s/tikzlibrarydecorations.code.tex
(/usr/local/texlive/2013/texmf-dist/tex/generic/pgf/modules/pgfmoduledecoration
s.code.tex
\pgfdecoratedcompleteddistance=\dimen159
\pgfdecoratedremainingdistance=\dimen160
\pgfdecoratedinputsegmentcompleteddistance=\dimen161
\pgfdecoratedinputsegmentremainingdistance=\dimen162
\pgf@decorate@distancetomove=\dimen163
\pgf@decorate@repeatstate=\count137
\pgfdecorationsegmentamplitude=\dimen164
\pgfdecorationsegmentlength=\dimen165
)
\tikz@lib@dec@box=\box42
)
(/usr/local/texlive/2013/texmf-dist/tex/generic/pgf/frontendlayer/tikz/librarie
s/tikzlibrarydecorations.pathmorphing.code.tex
(/usr/local/texlive/2013/texmf-dist/tex/generic/pgf/libraries/decorations/pgfli
brarydecorations.pathmorphing.code.tex))
(/usr/local/texlive/2013/texmf-dist/tex/generic/pgf/frontendlayer/tikz/librarie
s/tikzlibrarydecorations.pathreplacing.code.tex
(/usr/local/texlive/2013/texmf-dist/tex/generic/pgf/libraries/decorations/pgfli
brarydecorations.pathreplacing.code.tex))
\pgfplots@numplots=\count138
\pgfplots@xmin@reg=\dimen166
\pgfplots@xmax@reg=\dimen167
\pgfplots@ymin@reg=\dimen168
\pgfplots@ymax@reg=\dimen169
\pgfplots@zmin@reg=\dimen170
\pgfplots@zmax@reg=\dimen171
)
(/usr/local/texlive/2013/texmf-dist/tex/generic/pgf/frontendlayer/tikz/librarie
s/tikzlibraryplotmarks.code.tex
File: tikzlibraryplotmarks.code.tex 2008/01/09 v2.10 (rcs-revision 1.1)

(/usr/local/texlive/2013/texmf-dist/tex/generic/pgf/libraries/pgflibraryplotmar
ks.code.tex
File: pgflibraryplotmarks.code.tex 2010/10/15 v2.10 (rcs-revision 1.12)
)))
(/usr/local/texlive/2013/texmf-dist/tex/latex/filecontents/filecontents.sty
Package: filecontents 2011/10/08 v1.3 Create an external file from within a LaT
eX document
)
(/usr/local/texlive/2013/texmf-dist/tex/latex/footmisc/footmisc.sty
Package: footmisc 2011/06/06 v5.5b a miscellany of footnote facilities
\FN@temptoken=\toks40
\footnotemargin=\dimen172
\c@pp@next@reset=\count139
Package footmisc Info: Declaring symbol style bringhurst on input line 855.
Package footmisc Info: Declaring symbol style chicago on input line 863.
Package footmisc Info: Declaring symbol style wiley on input line 872.
Package footmisc Info: Declaring symbol style lamport-robust on input line 883.

Package footmisc Info: Declaring symbol style lamport* on input line 903.
Package footmisc Info: Declaring symbol style lamport*-robust on input line 924
.
)
(/usr/local/texlive/2013/texmf-dist/tex/latex/base/fontenc.sty
Package: fontenc 2005/09/27 v1.99g Standard LaTeX package

(/usr/local/texlive/2013/texmf-dist/tex/latex/base/t1enc.def
File: t1enc.def 2005/09/27 v1.99g Standard LaTeX file
LaTeX Font Info:    Redeclaring font encoding T1 on input line 43.
))
(/usr/local/texlive/2013/texmf-dist/tex/latex/base/inputenc.sty
Package: inputenc 2008/03/30 v1.1d Input encoding file
\inpenc@prehook=\toks41
\inpenc@posthook=\toks42

(/usr/local/texlive/2013/texmf-dist/tex/latex/base/utf8.def
File: utf8.def 2008/04/05 v1.1m UTF-8 support for inputenc
Now handling font encoding OML ...
... no UTF-8 mapping file for font encoding OML
Now handling font encoding T1 ...
... processing UTF-8 mapping file for font encoding T1

(/usr/local/texlive/2013/texmf-dist/tex/latex/base/t1enc.dfu
File: t1enc.dfu 2008/04/05 v1.1m UTF-8 support for inputenc
   defining Unicode char U+00A1 (decimal 161)
   defining Unicode char U+00A3 (decimal 163)
   defining Unicode char U+00AB (decimal 171)
   defining Unicode char U+00BB (decimal 187)
   defining Unicode char U+00BF (decimal 191)
   defining Unicode char U+00C0 (decimal 192)
   defining Unicode char U+00C1 (decimal 193)
   defining Unicode char U+00C2 (decimal 194)
   defining Unicode char U+00C3 (decimal 195)
   defining Unicode char U+00C4 (decimal 196)
   defining Unicode char U+00C5 (decimal 197)
   defining Unicode char U+00C6 (decimal 198)
   defining Unicode char U+00C7 (decimal 199)
   defining Unicode char U+00C8 (decimal 200)
   defining Unicode char U+00C9 (decimal 201)
   defining Unicode char U+00CA (decimal 202)
   defining Unicode char U+00CB (decimal 203)
   defining Unicode char U+00CC (decimal 204)
   defining Unicode char U+00CD (decimal 205)
   defining Unicode char U+00CE (decimal 206)
   defining Unicode char U+00CF (decimal 207)
   defining Unicode char U+00D0 (decimal 208)
   defining Unicode char U+00D1 (decimal 209)
   defining Unicode char U+00D2 (decimal 210)
   defining Unicode char U+00D3 (decimal 211)
   defining Unicode char U+00D4 (decimal 212)
   defining Unicode char U+00D5 (decimal 213)
   defining Unicode char U+00D6 (decimal 214)
   defining Unicode char U+00D8 (decimal 216)
   defining Unicode char U+00D9 (decimal 217)
   defining Unicode char U+00DA (decimal 218)
   defining Unicode char U+00DB (decimal 219)
   defining Unicode char U+00DC (decimal 220)
   defining Unicode char U+00DD (decimal 221)
   defining Unicode char U+00DE (decimal 222)
   defining Unicode char U+00DF (decimal 223)
   defining Unicode char U+00E0 (decimal 224)
   defining Unicode char U+00E1 (decimal 225)
   defining Unicode char U+00E2 (decimal 226)
   defining Unicode char U+00E3 (decimal 227)
   defining Unicode char U+00E4 (decimal 228)
   defining Unicode char U+00E5 (decimal 229)
   defining Unicode char U+00E6 (decimal 230)
   defining Unicode char U+00E7 (decimal 231)
   defining Unicode char U+00E8 (decimal 232)
   defining Unicode char U+00E9 (decimal 233)
   defining Unicode char U+00EA (decimal 234)
   defining Unicode char U+00EB (decimal 235)
   defining Unicode char U+00EC (decimal 236)
   defining Unicode char U+00ED (decimal 237)
   defining Unicode char U+00EE (decimal 238)
   defining Unicode char U+00EF (decimal 239)
   defining Unicode char U+00F0 (decimal 240)
   defining Unicode char U+00F1 (decimal 241)
   defining Unicode char U+00F2 (decimal 242)
   defining Unicode char U+00F3 (decimal 243)
   defining Unicode char U+00F4 (decimal 244)
   defining Unicode char U+00F5 (decimal 245)
   defining Unicode char U+00F6 (decimal 246)
   defining Unicode char U+00F8 (decimal 248)
   defining Unicode char U+00F9 (decimal 249)
   defining Unicode char U+00FA (decimal 250)
   defining Unicode char U+00FB (decimal 251)
   defining Unicode char U+00FC (decimal 252)
   defining Unicode char U+00FD (decimal 253)
   defining Unicode char U+00FE (decimal 254)
   defining Unicode char U+00FF (decimal 255)
   defining Unicode char U+0102 (decimal 258)
   defining Unicode char U+0103 (decimal 259)
   defining Unicode char U+0104 (decimal 260)
   defining Unicode char U+0105 (decimal 261)
   defining Unicode char U+0106 (decimal 262)
   defining Unicode char U+0107 (decimal 263)
   defining Unicode char U+010C (decimal 268)
   defining Unicode char U+010D (decimal 269)
   defining Unicode char U+010E (decimal 270)
   defining Unicode char U+010F (decimal 271)
   defining Unicode char U+0110 (decimal 272)
   defining Unicode char U+0111 (decimal 273)
   defining Unicode char U+0118 (decimal 280)
   defining Unicode char U+0119 (decimal 281)
   defining Unicode char U+011A (decimal 282)
   defining Unicode char U+011B (decimal 283)
   defining Unicode char U+011E (decimal 286)
   defining Unicode char U+011F (decimal 287)
   defining Unicode char U+0130 (decimal 304)
   defining Unicode char U+0131 (decimal 305)
   defining Unicode char U+0132 (decimal 306)
   defining Unicode char U+0133 (decimal 307)
   defining Unicode char U+0139 (decimal 313)
   defining Unicode char U+013A (decimal 314)
   defining Unicode char U+013D (decimal 317)
   defining Unicode char U+013E (decimal 318)
   defining Unicode char U+0141 (decimal 321)
   defining Unicode char U+0142 (decimal 322)
   defining Unicode char U+0143 (decimal 323)
   defining Unicode char U+0144 (decimal 324)
   defining Unicode char U+0147 (decimal 327)
   defining Unicode char U+0148 (decimal 328)
   defining Unicode char U+014A (decimal 330)
   defining Unicode char U+014B (decimal 331)
   defining Unicode char U+0150 (decimal 336)
   defining Unicode char U+0151 (decimal 337)
   defining Unicode char U+0152 (decimal 338)
   defining Unicode char U+0153 (decimal 339)
   defining Unicode char U+0154 (decimal 340)
   defining Unicode char U+0155 (decimal 341)
   defining Unicode char U+0158 (decimal 344)
   defining Unicode char U+0159 (decimal 345)
   defining Unicode char U+015A (decimal 346)
   defining Unicode char U+015B (decimal 347)
   defining Unicode char U+015E (decimal 350)
   defining Unicode char U+015F (decimal 351)
   defining Unicode char U+0160 (decimal 352)
   defining Unicode char U+0161 (decimal 353)
   defining Unicode char U+0162 (decimal 354)
   defining Unicode char U+0163 (decimal 355)
   defining Unicode char U+0164 (decimal 356)
   defining Unicode char U+0165 (decimal 357)
   defining Unicode char U+016E (decimal 366)
   defining Unicode char U+016F (decimal 367)
   defining Unicode char U+0170 (decimal 368)
   defining Unicode char U+0171 (decimal 369)
   defining Unicode char U+0178 (decimal 376)
   defining Unicode char U+0179 (decimal 377)
   defining Unicode char U+017A (decimal 378)
   defining Unicode char U+017B (decimal 379)
   defining Unicode char U+017C (decimal 380)
   defining Unicode char U+017D (decimal 381)
   defining Unicode char U+017E (decimal 382)
   defining Unicode char U+200C (decimal 8204)
   defining Unicode char U+2013 (decimal 8211)
   defining Unicode char U+2014 (decimal 8212)
   defining Unicode char U+2018 (decimal 8216)
   defining Unicode char U+2019 (decimal 8217)
   defining Unicode char U+201A (decimal 8218)
   defining Unicode char U+201C (decimal 8220)
   defining Unicode char U+201D (decimal 8221)
   defining Unicode char U+201E (decimal 8222)
   defining Unicode char U+2030 (decimal 8240)
   defining Unicode char U+2031 (decimal 8241)
   defining Unicode char U+2039 (decimal 8249)
   defining Unicode char U+203A (decimal 8250)
   defining Unicode char U+2423 (decimal 9251)
)
Now handling font encoding OT1 ...
... processing UTF-8 mapping file for font encoding OT1

(/usr/local/texlive/2013/texmf-dist/tex/latex/base/ot1enc.dfu
File: ot1enc.dfu 2008/04/05 v1.1m UTF-8 support for inputenc
   defining Unicode char U+00A1 (decimal 161)
   defining Unicode char U+00A3 (decimal 163)
   defining Unicode char U+00B8 (decimal 184)
   defining Unicode char U+00BF (decimal 191)
   defining Unicode char U+00C5 (decimal 197)
   defining Unicode char U+00C6 (decimal 198)
   defining Unicode char U+00D8 (decimal 216)
   defining Unicode char U+00DF (decimal 223)
   defining Unicode char U+00E6 (decimal 230)
   defining Unicode char U+00EC (decimal 236)
   defining Unicode char U+00ED (decimal 237)
   defining Unicode char U+00EE (decimal 238)
   defining Unicode char U+00EF (decimal 239)
   defining Unicode char U+00F8 (decimal 248)
   defining Unicode char U+0131 (decimal 305)
   defining Unicode char U+0141 (decimal 321)
   defining Unicode char U+0142 (decimal 322)
   defining Unicode char U+0152 (decimal 338)
   defining Unicode char U+0153 (decimal 339)
   defining Unicode char U+2013 (decimal 8211)
   defining Unicode char U+2014 (decimal 8212)
   defining Unicode char U+2018 (decimal 8216)
   defining Unicode char U+2019 (decimal 8217)
   defining Unicode char U+201C (decimal 8220)
   defining Unicode char U+201D (decimal 8221)
)
Now handling font encoding OMS ...
... processing UTF-8 mapping file for font encoding OMS

(/usr/local/texlive/2013/texmf-dist/tex/latex/base/omsenc.dfu
File: omsenc.dfu 2008/04/05 v1.1m UTF-8 support for inputenc
   defining Unicode char U+00A7 (decimal 167)
   defining Unicode char U+00B6 (decimal 182)
   defining Unicode char U+00B7 (decimal 183)
   defining Unicode char U+2020 (decimal 8224)
   defining Unicode char U+2021 (decimal 8225)
   defining Unicode char U+2022 (decimal 8226)
)
Now handling font encoding OMX ...
... no UTF-8 mapping file for font encoding OMX
Now handling font encoding U ...
... no UTF-8 mapping file for font encoding U
   defining Unicode char U+00A9 (decimal 169)
   defining Unicode char U+00AA (decimal 170)
   defining Unicode char U+00AE (decimal 174)
   defining Unicode char U+00BA (decimal 186)
   defining Unicode char U+02C6 (decimal 710)
   defining Unicode char U+02DC (decimal 732)
   defining Unicode char U+200C (decimal 8204)
   defining Unicode char U+2026 (decimal 8230)
   defining Unicode char U+2122 (decimal 8482)
   defining Unicode char U+2423 (decimal 9251)
))
(/usr/local/texlive/2013/texmf-dist/tex/latex/tools/tabularx.sty
Package: tabularx 1999/01/07 v2.07 `tabularx' package (DPC)

(/usr/local/texlive/2013/texmf-dist/tex/latex/tools/array.sty
Package: array 2008/09/09 v2.4c Tabular extension package (FMi)
\col@sep=\dimen173
\extrarowheight=\dimen174
\NC@list=\toks43
\extratabsurround=\skip49
\backup@length=\skip50
)
\TX@col@width=\dimen175
\TX@old@table=\dimen176
\TX@old@col=\dimen177
\TX@target=\dimen178
\TX@delta=\dimen179
\TX@cols=\count140
\TX@ftn=\toks44
)
(/usr/local/texlive/2013/texmf-dist/tex/latex/ms/ragged2e.sty
Package: ragged2e 2009/05/21 v2.1 ragged2e Package (MS)

(/usr/local/texlive/2013/texmf-dist/tex/latex/ms/everysel.sty
Package: everysel 2011/10/28 v1.2 EverySelectfont Package (MS)
)
\CenteringLeftskip=\skip51
\RaggedLeftLeftskip=\skip52
\RaggedRightLeftskip=\skip53
\CenteringRightskip=\skip54
\RaggedLeftRightskip=\skip55
\RaggedRightRightskip=\skip56
\CenteringParfillskip=\skip57
\RaggedLeftParfillskip=\skip58
\RaggedRightParfillskip=\skip59
\JustifyingParfillskip=\skip60
\CenteringParindent=\skip61
\RaggedLeftParindent=\skip62
\RaggedRightParindent=\skip63
\JustifyingParindent=\skip64
)
(/usr/local/texlive/2013/texmf-dist/tex/latex/booktabs/booktabs.sty
Package: booktabs 2005/04/14 v1.61803 publication quality tables
\heavyrulewidth=\dimen180
\lightrulewidth=\dimen181
\cmidrulewidth=\dimen182
\belowrulesep=\dimen183
\belowbottomsep=\dimen184
\aboverulesep=\dimen185
\abovetopsep=\dimen186
\cmidrulesep=\dimen187
\cmidrulekern=\dimen188
\defaultaddspace=\dimen189
\@cmidla=\count141
\@cmidlb=\count142
\@aboverulesep=\dimen190
\@belowrulesep=\dimen191
\@thisruleclass=\count143
\@lastruleclass=\count144
\@thisrulewidth=\dimen192
)
(/usr/local/texlive/2013/texmf-dist/tex/latex/caption/caption.sty
Package: caption 2013/05/02 v3.3-89 Customizing captions (AR)

(/usr/local/texlive/2013/texmf-dist/tex/latex/caption/caption3.sty
Package: caption3 2013/05/02 v1.6-88 caption3 kernel (AR)
Package caption3 Info: TeX engine: e-TeX on input line 57.
\captionmargin=\dimen193
\captionmargin@=\dimen194
\captionwidth=\dimen195
\caption@tempdima=\dimen196
\caption@indent=\dimen197
\caption@parindent=\dimen198
\caption@hangindent=\dimen199
)
\c@ContinuedFloat=\count145
Package caption Info: float package is loaded.
)
(/usr/local/texlive/2013/texmf-dist/tex/latex/hyperref/hyperref.sty
Package: hyperref 2012/11/06 v6.83m Hypertext links for LaTeX

(/usr/local/texlive/2013/texmf-dist/tex/generic/oberdiek/hobsub-hyperref.sty
Package: hobsub-hyperref 2012/05/28 v1.13 Bundle oberdiek, subset hyperref (HO)


(/usr/local/texlive/2013/texmf-dist/tex/generic/oberdiek/hobsub-generic.sty
Package: hobsub-generic 2012/05/28 v1.13 Bundle oberdiek, subset generic (HO)
Package: hobsub 2012/05/28 v1.13 Construct package bundles (HO)
Package hobsub Info: Skipping package `infwarerr' (already loaded).
Package hobsub Info: Skipping package `ltxcmds' (already loaded).
Package: ifluatex 2010/03/01 v1.3 Provides the ifluatex switch (HO)
Package ifluatex Info: LuaTeX not detected.
Package: ifvtex 2010/03/01 v1.5 Detect VTeX and its facilities (HO)
Package ifvtex Info: VTeX not detected.
Package: intcalc 2007/09/27 v1.1 Expandable calculations with integers (HO)
Package: ifpdf 2011/01/30 v2.3 Provides the ifpdf switch (HO)
Package ifpdf Info: pdfTeX in PDF mode is detected.
Package: etexcmds 2011/02/16 v1.5 Avoid name clashes with e-TeX commands (HO)
Package etexcmds Info: Could not find \expanded.
(etexcmds)             That can mean that you are not using pdfTeX 1.50 or
(etexcmds)             that some package has redefined \expanded.
(etexcmds)             In the latter case, load this package earlier.
Package: kvsetkeys 2012/04/25 v1.16 Key value parser (HO)
Package: kvdefinekeys 2011/04/07 v1.3 Define keys (HO)
Package: pdftexcmds 2011/11/29 v0.20 Utility functions of pdfTeX for LuaTeX (HO
)
Package pdftexcmds Info: LuaTeX not detected.
Package pdftexcmds Info: \pdf@primitive is available.
Package pdftexcmds Info: \pdf@ifprimitive is available.
Package pdftexcmds Info: \pdfdraftmode found.
Package: pdfescape 2011/11/25 v1.13 Implements pdfTeX's escape features (HO)
Package: bigintcalc 2012/04/08 v1.3 Expandable calculations on big integers (HO
)
Package: bitset 2011/01/30 v1.1 Handle bit-vector datatype (HO)
Package: uniquecounter 2011/01/30 v1.2 Provide unlimited unique counter (HO)
)
Package hobsub Info: Skipping package `hobsub' (already loaded).
Package: letltxmacro 2010/09/02 v1.4 Let assignment for LaTeX macros (HO)
Package: hopatch 2012/05/28 v1.2 Wrapper for package hooks (HO)
Package: xcolor-patch 2011/01/30 xcolor patch
Package: atveryend 2011/06/30 v1.8 Hooks at the very end of document (HO)
Package atveryend Info: \enddocument detected (standard20110627).
Package: atbegshi 2011/10/05 v1.16 At begin shipout hook (HO)
Package: refcount 2011/10/16 v3.4 Data extraction from label references (HO)
Package: hycolor 2011/01/30 v1.7 Color options for hyperref/bookmark (HO)
)
(/usr/local/texlive/2013/texmf-dist/tex/generic/ifxetex/ifxetex.sty
Package: ifxetex 2010/09/12 v0.6 Provides ifxetex conditional
)
(/usr/local/texlive/2013/texmf-dist/tex/latex/oberdiek/auxhook.sty
Package: auxhook 2011/03/04 v1.3 Hooks for auxiliary files (HO)
)
(/usr/local/texlive/2013/texmf-dist/tex/latex/oberdiek/kvoptions.sty
Package: kvoptions 2011/06/30 v3.11 Key value format for package options (HO)
)
\@linkdim=\dimen200
\Hy@linkcounter=\count146
\Hy@pagecounter=\count147

(/usr/local/texlive/2013/texmf-dist/tex/latex/hyperref/pd1enc.def
File: pd1enc.def 2012/11/06 v6.83m Hyperref: PDFDocEncoding definition (HO)
Now handling font encoding PD1 ...
... no UTF-8 mapping file for font encoding PD1
)
\Hy@SavedSpaceFactor=\count148

(/usr/local/texlive/2013/texmf-dist/tex/latex/latexconfig/hyperref.cfg
File: hyperref.cfg 2002/06/06 v1.2 hyperref configuration of TeXLive
)
Package hyperref Info: Hyper figures OFF on input line 4443.
Package hyperref Info: Link nesting OFF on input line 4448.
Package hyperref Info: Hyper index ON on input line 4451.
Package hyperref Info: Plain pages OFF on input line 4458.
Package hyperref Info: Backreferencing OFF on input line 4463.
Package hyperref Info: Implicit mode ON; LaTeX internals redefined.
Package hyperref Info: Bookmarks ON on input line 4688.
\c@Hy@tempcnt=\count149

(/usr/local/texlive/2013/texmf-dist/tex/latex/url/url.sty
\Urlmuskip=\muskip11
Package: url 2006/04/12  ver 3.3  Verb mode for urls, etc.
)
LaTeX Info: Redefining \url on input line 5041.
\XeTeXLinkMargin=\dimen201
\Fld@menulength=\count150
\Field@Width=\dimen202
\Fld@charsize=\dimen203
Package hyperref Info: Hyper figures OFF on input line 6295.
Package hyperref Info: Link nesting OFF on input line 6300.
Package hyperref Info: Hyper index ON on input line 6303.
Package hyperref Info: backreferencing OFF on input line 6310.
Package hyperref Info: Link coloring OFF on input line 6315.
Package hyperref Info: Link coloring with OCG OFF on input line 6320.
Package hyperref Info: PDF/A mode OFF on input line 6325.
LaTeX Info: Redefining \ref on input line 6365.
LaTeX Info: Redefining \pageref on input line 6369.
\Hy@abspage=\count151
\c@Item=\count152
\c@Hfootnote=\count153
)

Package hyperref Message: Driver (autodetected): hpdftex.

(/usr/local/texlive/2013/texmf-dist/tex/latex/hyperref/hpdftex.def
File: hpdftex.def 2012/11/06 v6.83m Hyperref driver for pdfTeX
\Fld@listcount=\count154
\c@bookmark@seq@number=\count155

(/usr/local/texlive/2013/texmf-dist/tex/latex/oberdiek/rerunfilecheck.sty
Package: rerunfilecheck 2011/04/15 v1.7 Rerun checks for auxiliary files (HO)
Package uniquecounter Info: New unique counter `rerunfilecheck' on input line 2
82.
)
\Hy@SectionHShift=\skip65
)
(/usr/local/texlive/2013/texmf-dist/tex/latex/rotating/rotating.sty
Package: rotating 2009/03/28 v2.16a rotated objects in LaTeX
\c@r@tfl@t=\count156
\rotFPtop=\skip66
\rotFPbot=\skip67
\rot@float@box=\box43
\rot@mess@toks=\toks45
)
\@float@every@table=\toks46

(/usr/local/texlive/2013/texmf-dist/tex/latex/tools/longtable.sty
Package: longtable 2004/02/01 v4.11 Multi-page Table package (DPC)
\LTleft=\skip68
\LTright=\skip69
\LTpre=\skip70
\LTpost=\skip71
\LTchunksize=\count157
\LTcapwidth=\dimen204
\LT@head=\box44
\LT@firsthead=\box45
\LT@foot=\box46
\LT@lastfoot=\box47
\LT@cols=\count158
\LT@rows=\count159
\c@LT@tables=\count160
\c@LT@chunks=\count161
\LT@p@ftn=\toks47
)
(/usr/local/texlive/2013/texmf-dist/tex/latex/graphics/lscape.sty
Package: lscape 2000/10/22 v3.01 Landscape Pages (DPC)
)
(./ociamthesis.aux (./abstract.aux) (./acknowlegements.aux) (./Chapter1.aux)
(./Chapter2.aux) (./Chapter3.aux) (./Chapter4.aux

LaTeX Warning: Label `tab:LPer' multiply defined.


LaTeX Warning: Label `tab:LPer' multiply defined.

) (./Chapter5.aux) (./Chapter6.aux

LaTeX Warning: Label `tab:LPer' multiply defined.


LaTeX Warning: Label `tab:title' multiply defined.


LaTeX Warning: Label `tab:title' multiply defined.


LaTeX Warning: Label `tab:title' multiply defined.

) (./Chapter7.aux) (./conclusions.aux) (./bibliography.aux) (./part4.aux)
(./appendix1.aux))
\openout1 = `ociamthesis.aux'.

LaTeX Font Info:    Checking defaults for OML/cmm/m/it on input line 45.
LaTeX Font Info:    ... okay on input line 45.
LaTeX Font Info:    Checking defaults for T1/cmr/m/n on input line 45.
LaTeX Font Info:    ... okay on input line 45.
LaTeX Font Info:    Checking defaults for OT1/cmr/m/n on input line 45.
LaTeX Font Info:    ... okay on input line 45.
LaTeX Font Info:    Checking defaults for OMS/cmsy/m/n on input line 45.
LaTeX Font Info:    ... okay on input line 45.
LaTeX Font Info:    Checking defaults for OMX/cmex/m/n on input line 45.
LaTeX Font Info:    ... okay on input line 45.
LaTeX Font Info:    Checking defaults for U/cmr/m/n on input line 45.
LaTeX Font Info:    ... okay on input line 45.
LaTeX Font Info:    Checking defaults for PD1/pdf/m/n on input line 45.
LaTeX Font Info:    ... okay on input line 45.

(/usr/local/texlive/2013/texmf-dist/tex/context/base/supp-pdf.mkii
[Loading MPS to PDF converter (version 2006.09.02).]
\scratchcounter=\count162
\scratchdimen=\dimen205
\scratchbox=\box48
\nofMPsegments=\count163
\nofMParguments=\count164
\everyMPshowfont=\toks48
\MPscratchCnt=\count165
\MPscratchDim=\dimen206
\MPnumerator=\count166
\makeMPintoPDFobject=\count167
\everyMPtoPDFconversion=\toks49
) (/usr/local/texlive/2013/texmf-dist/tex/latex/oberdiek/epstopdf-base.sty
Package: epstopdf-base 2010/02/09 v2.5 Base part for package epstopdf

(/usr/local/texlive/2013/texmf-dist/tex/latex/oberdiek/grfext.sty
Package: grfext 2010/08/19 v1.1 Manage graphics extensions (HO)
)
Package grfext Info: Graphics extension search list:
(grfext)             [.png,.pdf,.jpg,.mps,.jpeg,.jbig2,.jb2,.PNG,.PDF,.JPG,.JPE
G,.JBIG2,.JB2,.eps]
(grfext)             \AppendGraphicsExtensions on input line 452.

(/usr/local/texlive/2013/texmf-dist/tex/latex/latexconfig/epstopdf-sys.cfg
File: epstopdf-sys.cfg 2010/07/13 v1.3 Configuration of (r)epstopdf for TeX Liv
e
))
ABD: EveryShipout initializing macros

Package pgfplots Warning: running in backwards compatibility mode (unsuitable t
ick labels; missing features). Consider writing \pgfplotsset{compat=1.8} into y
our preamble.
 on input line 45.

ABD: EverySelectfont initializing macros
LaTeX Info: Redefining \selectfont on input line 45.
Package caption Info: Begin \AtBeginDocument code.
Package caption Info: hyperref package is loaded.
Package caption Info: longtable package is loaded.

(/usr/local/texlive/2013/texmf-dist/tex/latex/caption/ltcaption.sty
Package: ltcaption 2013/02/03 v1.3-62 longtable captions (AR)
)
Package caption Info: rotating package is loaded.
Package caption Info: End \AtBeginDocument code.
\AtBeginShipoutBox=\box49
Package hyperref Info: Link coloring OFF on input line 45.

(/usr/local/texlive/2013/texmf-dist/tex/latex/hyperref/nameref.sty
Package: nameref 2012/10/27 v2.43 Cross-referencing by name of section

(/usr/local/texlive/2013/texmf-dist/tex/generic/oberdiek/gettitlestring.sty
Package: gettitlestring 2010/12/03 v1.4 Cleanup title references (HO)
)
\c@section@level=\count168
)
LaTeX Info: Redefining \ref on input line 45.
LaTeX Info: Redefining \pageref on input line 45.
LaTeX Info: Redefining \nameref on input line 45.

(./ociamthesis.out) (./ociamthesis.out)
\@outlinefile=\write4
\openout4 = `ociamthesis.out'.

Package epstopdf Info: Source file: <oxlogo.eps>
(epstopdf)                    date: 2014-09-04 00:52:01
(epstopdf)                    size: 448564 bytes
(epstopdf)             Output file: <oxlogo-eps-converted-to.pdf>
(epstopdf)                    date: 2014-09-04 01:10:11
(epstopdf)                    size: 40473 bytes
(epstopdf)             Command: <repstopdf --outfile=oxlogo-eps-converted-to.pd
f oxlogo.eps>
(epstopdf)             \includegraphics on input line 57.
Package epstopdf Info: Output file is already uptodate.

<oxlogo-eps-converted-to.pdf, id=232, 116.435pt x 139.52126pt>
File: oxlogo-eps-converted-to.pdf Graphic file (type pdf)

<use oxlogo-eps-converted-to.pdf>
Package pdftex.def Info: oxlogo-eps-converted-to.pdf used on input line 57.
(pdftex.def)             Requested size: 91.04881pt x 109.10501pt.
 [1


{/usr/local/texlive/2013/texmf-var/fonts/map/pdftex/updmap/pdftex.map} <./oxlog
o-eps-converted-to.pdf>]
\openout2 = `abstract.aux'.

 (./abstract.tex
[2


])
\openout2 = `acknowlegements.aux'.

 (./acknowlegements.tex [3



]) (./ociamthesis.toc
LaTeX Font Info:    Try loading font information for U+msa on input line 3.

(/usr/local/texlive/2013/texmf-dist/tex/latex/amsfonts/umsa.fd
File: umsa.fd 2013/01/14 v3.01 AMS symbols A
)
LaTeX Font Info:    Try loading font information for U+msb on input line 3.

(/usr/local/texlive/2013/texmf-dist/tex/latex/amsfonts/umsb.fd
File: umsb.fd 2013/01/14 v3.01 AMS symbols B
) [1



])
\tf@toc=\write5
\openout5 = `ociamthesis.toc'.

 [2]
(./ociamthesis.lof)
\tf@lof=\write6
\openout6 = `ociamthesis.lof'.

 [3

]
\openout2 = `Chapter1.aux'.

 (./Chapter1.texpdfTeX warning (ext4): destination with the same identifier (na
me{page.1}) has been already used, duplicate ignored
<to be read again> 
                   \relax 
l.1 \part{Background}
                      [1



]
Chapter 1.
pdfTeX warning (ext4): destination with the same identifier (name{page.2}) has 
been already used, duplicate ignored
<to be read again> 
                   \relax 
l.8 \section
            {Aims and Approach} [2

]pdfTeX warning (ext4): destination with the same identifier (name{page.3}) has
 been already used, duplicate ignored
<to be read again> 
                   \relax 
l.17 \section
             {Thesis Structure} [3]
Underfull \hbox (badness 10000) in paragraph at lines 18--24

 []

[4]) [5]
\openout2 = `Chapter2.aux'.

 (./Chapter2.tex
Chapter 2.

Overfull \hbox (0.87206pt too wide) in paragraph at lines 4--5
\T1/cmr/m/n/12 Message-based fea-tures, Topic-Based fea-tures and Propagation-B
ased features[[]]. Our
 []

[6



]
LaTeX Font Info:    Try loading font information for T1+cmtt on input line 8.
 (/usr/local/texlive/2013/texmf-dist/tex/latex/base/t1cmtt.fd
File: t1cmtt.fd 1999/05/25 v2.5h Standard LaTeX font definitions
) [7] [8]
[9]) [10]
\openout2 = `Chapter3.aux'.

 (./Chapter3.tex [11



]
Chapter 3.
LaTeX Font Info:    Try loading font information for OMS+cmr on input line 8.
(/usr/local/texlive/2013/texmf-dist/tex/latex/base/omscmr.fd
File: omscmr.fd 1999/05/25 v2.5h Standard LaTeX font definitions
)
LaTeX Font Info:    Font shape `OMS/cmr/m/n' in size <12> not available
(Font)              Font shape `OMS/cmsy/m/n' tried instead on input line 8.
 [12

]
Overfull \hbox (1.40186pt too wide) in paragraph at lines 32--33
[] 
 []

)
Overfull \hbox (20.33556pt too wide) in paragraph at lines 34--67
\T1/cmr/m/n/12 nion, Kimkierkegaard, Sad-PaulGia-matti, Not-Coat-Fac-tory, Fake
Ster-anko, Bill_Nye_Tho,
 []


Underfull \hbox (badness 10000) in paragraph at lines 34--67

 []


Underfull \hbox (badness 10000) in paragraph at lines 34--67

 []

[13] [14] [15]
\openout2 = `Chapter4.aux'.

 (./Chapter4.tex
Chapter 4.

Overfull \hbox (17.04495pt too wide) in paragraph at lines 4--14
\T1/cmtt/m/n/12 screen _ name = BreakingNews&include _ entities = true&include 
_ rts = true&count = 200$[]
 []

[16



] [17]
Underfull \hbox (badness 10000) in paragraph at lines 18--24

 []

[18]
Underfull \hbox (badness 1590) in paragraph at lines 32--32
 []|\T1/cmr/m/n/12 Explanation| 
 []


Overfull \hbox (0.68512pt too wide) in paragraph at lines 32--32
 []|\T1/cmr/m/n/12 Included| 
 []


Underfull \hbox (badness 10000) in paragraph at lines 32--32
 []|\T1/cmr/m/n/12 Reason| 
 []


Underfull \hbox (badness 2253) in paragraph at lines 35--35
 []|\T1/cmr/m/n/12 Tweet ID| 
 []


Underfull \hbox (badness 10000) in paragraph at lines 37--38
 []|\T1/cmr/m/n/12 As above| 
 []


Underfull \hbox (badness 1354) in paragraph at lines 39--39
 []|\T1/cmr/m/n/12 Actual Tweet| 
 []


Underfull \hbox (badness 1194) in paragraph at lines 39--40
 \T1/cmr/m/n/12 in depth in the ta-ble on Mes-sage Based Fea-tures.| 
 []


Underfull \hbox (badness 1400) in paragraph at lines 43--44
 \T1/cmr/m/n/12 used since twit-ter now re-jects long tweets as op- 
 []


Underfull \hbox (badness 3514) in paragraph at lines 45--46
 []|\T1/cmr/m/n/12 This fea-ture would tell us if it is a tweet 
 []


Underfull \hbox (badness 3229) in paragraph at lines 45--46
 \T1/cmr/m/n/12 or a re-ply to a tweet, hence we used this.| 
 []


Underfull \hbox (badness 3601) in paragraph at lines 49--50
 []|\T1/cmr/m/n/12 This fea-ture can be used to check to see 
 []


Underfull \hbox (badness 4403) in paragraph at lines 49--50
 \T1/cmr/m/n/12 if it is a re-sponse to a user or a tweet.| 
 []


Underfull \hbox (badness 3058) in paragraph at lines 51--52
 []|\T1/cmr/m/n/12 Repetition of pre-vi-ous in-for-ma-tion above.| 
 []


Underfull \hbox (badness 3058) in paragraph at lines 53--54
 []|\T1/cmr/m/n/12 Repetition of pre-vi-ous in-for-ma-tion above.| 
 []


Underfull \hbox (badness 1776) in paragraph at lines 57--57
 []|\T1/cmr/m/n/12 Deprecated| 
 []


Underfull \hbox (badness 1721) in paragraph at lines 57--58
 []|\T1/cmr/m/n/12 Although this ap-pears as part of the JSON re- 
 []


Underfull \hbox (badness 2189) in paragraph at lines 57--58
 \T1/cmr/m/n/12 ceived this fea-ture is dep-re-cated in this API.| 
 []


Underfull \hbox (badness 1303) in paragraph at lines 59--60
 \T1/cmr/m/n/12 is not present hence we de-cided to drop it. How- 
 []


Overfull \hbox (57.22737pt too wide) in alignment at lines 29--68
 [] [] [] [] 
 []


Underfull \hbox (badness 1142) in paragraph at lines 75--76
 []|\T1/cmr/m/n/12 A value in this field in-di-cates two things : That a 
 []


Underfull \hbox (badness 1077) in paragraph at lines 75--76
 \T1/cmr/m/n/12 URL is present and if the URL is sen-si-tive or not. 
 []


Underfull \hbox (badness 2707) in paragraph at lines 81--82
 []|\T1/cmr/m/n/12 This could be used to weed out du-pli-cates.| 
 []


Overfull \hbox (57.22737pt too wide) in alignment at lines 68--84
 [] [] [] [] 
 []

[19

] [20] [21] [22]
Underfull \hbox (badness 1590) in paragraph at lines 93--93
 []|\T1/cmr/m/n/12 Explanation| 
 []


Overfull \hbox (0.68512pt too wide) in paragraph at lines 93--93
 []|\T1/cmr/m/n/12 Included 
 []


Underfull \hbox (badness 10000) in paragraph at lines 93--93
 []|\T1/cmr/m/n/12 Reason| 
 []


Underfull \hbox (badness 10000) in paragraph at lines 94--95
 []|\T1/cmr/m/n/12 Not very use-ful for anal-y-sis| 
 []


Underfull \hbox (badness 10000) in paragraph at lines 96--97
 []|\T1/cmr/m/n/12 Not very use-ful for anal-y-sis| 
 []


Underfull \hbox (badness 10000) in paragraph at lines 98--99
 []|\T1/cmr/m/n/12 Not very use-ful for anal-y-sis| 
 []


Underfull \hbox (badness 2762) in paragraph at lines 100--101
 []|\T1/cmr/m/n/12 This fea-ture could have been used at some 
 []


Underfull \hbox (badness 1609) in paragraph at lines 100--101
 \T1/cmr/m/n/12 point to weed out badly spelt or writ-ten screen 
 []


Underfull \hbox (badness 1515) in paragraph at lines 100--101
 \T1/cmr/m/n/12 names but we have not used it in this it-er-a-tion.| 
 []


Underfull \hbox (badness 5970) in paragraph at lines 106--107
 []|\T1/cmr/m/n/12 We check if the user has a URL or 
 []


Underfull \hbox (badness 5741) in paragraph at lines 106--107
 \T1/cmr/m/n/12 not. We do not use the URL it-self.| 
 []


Underfull \hbox (badness 6063) in paragraph at lines 108--109
 []|\T1/cmr/m/n/12 This in-for-ma-tion has al-ready been 
 []


Underfull \hbox (badness 3965) in paragraph at lines 108--109
 \T1/cmr/m/n/12 taken into ac-count from other fea-tures.| 
 []


Underfull \hbox (badness 3954) in paragraph at lines 112--113
 []|\T1/cmr/m/n/12 This is a very im-por-tant fea-ture, hence 
 []


Underfull \hbox (badness 5374) in paragraph at lines 112--113
 \T1/cmr/m/n/12 it is in-cluded in both our clas-si-fiers.| 
 []


Underfull \hbox (badness 3029) in paragraph at lines 118--119
 []|\T1/cmr/m/n/12 This fea-ture also might be an in-di-ca-tor of 
 []


Underfull \hbox (badness 2671) in paragraph at lines 118--119
 \T1/cmr/m/n/12 the trust-wor-thi-ness of the source/ ac-count.| 
 []


Underfull \hbox (badness 3088) in paragraph at lines 124--125
 []|\T1/cmr/m/n/12 Once again this fea-ture would be a du-pli- 
 []


Underfull \hbox (badness 3375) in paragraph at lines 124--125
 \T1/cmr/m/n/12 cate of Lo-ca-tion hence we did not use it.| 
 []


Underfull \hbox (badness 2050) in paragraph at lines 126--127
 []|\T1/cmr/m/n/12 Again, it would be in-ter-est-ing to iden-tify any 
 []


Underfull \hbox (badness 2020) in paragraph at lines 126--127
 \T1/cmr/m/n/12 pat-terns amongst the dif-fer-ent types of users.| 
 []


Underfull \hbox (badness 1248) in paragraph at lines 128--129
 []|\T1/cmr/m/n/12 This could be a very im-por-tant fac-tor in pre-dict- 
 []


Overfull \hbox (57.22737pt too wide) in alignment at lines 90--129
 [] [] [] [] 
 []


Underfull \hbox (badness 1648) in paragraph at lines 134--135
 []|\T1/cmr/m/n/12 We will not be us-ing this fea-ture since we have 
 []


Underfull \hbox (badness 1442) in paragraph at lines 134--135
 \T1/cmr/m/n/12 all the nec-es-sary in-for-ma-tion we need about the 
 []


Underfull \hbox (badness 1043) in paragraph at lines 134--135
 \T1/cmr/m/n/12 users tweets from our pri-mary re-quest to the API.| 
 []


Underfull \hbox (badness 5771) in paragraph at lines 136--137
 []|\T1/cmr/m/n/12 According to Twit-ter, this is rarely 
 []


Underfull \hbox (badness 5771) in paragraph at lines 136--137
 \T1/cmr/m/n/12 true. Hence this fea-ture is ig-nored.| 
 []


Underfull \hbox (badness 4303) in paragraph at lines 138--139
 []|\T1/cmr/m/n/12 This fea-ture again is rarely true hence 
 []


Underfull \hbox (badness 6157) in paragraph at lines 138--139
 \T1/cmr/m/n/12 this wasn't in-cluded in our model.| 
 []


Underfull \hbox (badness 10000) in paragraph at lines 145--146
 []|\T1/cmr/m/n/12 Repetition| 
 []


Underfull \hbox (badness 2856) in paragraph at lines 147--148
 []|\T1/cmr/m/n/12 This is an at-tribute that con-cerns the aes- 
 []


Underfull \hbox (badness 2846) in paragraph at lines 147--148
 \T1/cmr/m/n/12 thet-ics of the pro-file hence not con-sid-ered.| 
 []


Underfull \hbox (badness 10000) in paragraph at lines 151--152
 []|\T1/cmr/m/n/12 Repetition| 
 []


Underfull \hbox (badness 6859) in paragraph at lines 153--154
 []|\T1/cmr/m/n/12 Again, this con-cerns the aes-thet- 
 []


Underfull \hbox (badness 4024) in paragraph at lines 153--154
 \T1/cmr/m/n/12 ics of the pro-file, hence not con-sid-ered.| 
 []


Underfull \hbox (badness 6859) in paragraph at lines 155--156
 []|\T1/cmr/m/n/12 Again, this con-cerns the aes-thet- 
 []


Underfull \hbox (badness 4024) in paragraph at lines 155--156
 \T1/cmr/m/n/12 ics of the pro-file, hence not con-sid-ered.| 
 []


Underfull \hbox (badness 6859) in paragraph at lines 157--158
 []|\T1/cmr/m/n/12 Again, this con-cerns the aes-thet- 
 []


Underfull \hbox (badness 4024) in paragraph at lines 157--158
 \T1/cmr/m/n/12 ics of the pro-file, hence not con-sid-ered.| 
 []


Underfull \hbox (badness 6859) in paragraph at lines 159--160
 []|\T1/cmr/m/n/12 Again, this con-cerns the aes-thet- 
 []


Underfull \hbox (badness 4024) in paragraph at lines 159--160
 \T1/cmr/m/n/12 ics of the pro-file, hence not con-sid-ered.| 
 []


Underfull \hbox (badness 1264) in paragraph at lines 163--164
 []|\T1/cmr/m/n/12 This may not be very sig-nif-i-cant but if there was 
 []


Underfull \hbox (badness 1803) in paragraph at lines 163--164
 \T1/cmr/m/n/12 a pat-tern in whether own-ers of pro-files change 
 []


Underfull \hbox (badness 1424) in paragraph at lines 163--164
 \T1/cmr/m/n/12 their orig-i-nal pro-file it would be use-ful to check.| 
 []


Underfull \hbox (badness 4279) in paragraph at lines 167--168
 []|\T1/cmr/m/n/12 This piece of in-for-ma-tion is not sig-nif- 
 []


Underfull \hbox (badness 4403) in paragraph at lines 167--168
 \T1/cmr/m/n/12 i-cant as it con-cerns the au-then-ti-ca-tor.| 
 []


Underfull \hbox (badness 4279) in paragraph at lines 169--170
 []|\T1/cmr/m/n/12 This piece of in-for-ma-tion is not sig-nif- 
 []


Underfull \hbox (badness 4403) in paragraph at lines 169--170
 \T1/cmr/m/n/12 i-cant as it con-cerns the au-then-ti-ca-tor.| 
 []


Overfull \hbox (57.22737pt too wide) in alignment at lines 129--170
 [] [] [] [] 
 []

[23


]
Underfull \hbox (badness 5954) in paragraph at lines 171--172
 []|\T1/cmr/m/n/12 This is dep-re-cated hence not used.| 
 []


Overfull \hbox (57.22737pt too wide) in alignment at lines 170--174
 [] [] [] [] 
 []

[24] [25] [26]
Underfull \hbox (badness 1590) in paragraph at lines 184--184
 []|\T1/cmr/m/n/12 Explanation| 
 []


Overfull \hbox (0.68512pt too wide) in paragraph at lines 184--184
 []|\T1/cmr/m/n/12 Included| 
 []


Underfull \hbox (badness 10000) in paragraph at lines 184--184
 []|\T1/cmr/m/n/12 Reason| 
 []


Underfull \hbox (badness 1005) in paragraph at lines 189--190
 []|\T1/cmr/m/n/12 The de-tec-tion of Sad or Happy tweets, we thought 
 []


Underfull \hbox (badness 1997) in paragraph at lines 189--190
 \T1/cmr/m/n/12 might shed some in-sight into trust-wor-thi-ness.| 
 []


Overfull \hbox (57.22737pt too wide) in alignment at lines 181--194
 [] [] [] [] 
 []

[27


]) [28

]
\openout2 = `Chapter5.aux'.

 (./Chapter5.tex
Chapter 5.
<MachineLearningModels.png, id=578, 670.505pt x 452.69125pt>
File: MachineLearningModels.png Graphic file (type png)

<use MachineLearningModels.png>
Package pdftex.def Info: MachineLearningModels.png used on input line 5.
(pdftex.def)             Requested size: 369.88582pt x 249.72696pt.
 [29



 <./MachineLearningModels.png>] [30]
Underfull \hbox (badness 10000) in paragraph at lines 24--29

 []

[31]
Underfull \hbox (badness 10000) in paragraph at lines 38--69

 []

[32] [33] [34]
Underfull \hbox (badness 10000) in paragraph at lines 101--103

 []


LaTeX Warning: Overwriting file `./SVMPlot.csv'.

\openout15 = `SVMPlot.csv'.


Missing character: There is no l in font nullfont!
Missing character: There is no e in font nullfont!
Missing character: There is no g in font nullfont!
Missing character: There is no e in font nullfont!
Missing character: There is no n in font nullfont!
Missing character: There is no d in font nullfont!
Missing character: There is no p in font nullfont!
Missing character: There is no o in font nullfont!
Missing character: There is no s in font nullfont!
Missing character: There is no = in font nullfont!
Missing character: There is no c in font nullfont!
Missing character: There is no e in font nullfont!
Missing character: There is no n in font nullfont!
Missing character: There is no t in font nullfont!
Missing character: There is no e in font nullfont!
Missing character: There is no r in font nullfont!
Missing character: There is no , in font nullfont!
Missing character: There is no a in font nullfont!
Missing character: There is no x in font nullfont!
Missing character: There is no i in font nullfont!
Missing character: There is no s in font nullfont!
Missing character: There is no x in font nullfont!
Missing character: There is no l in font nullfont!
Missing character: There is no i in font nullfont!
Missing character: There is no n in font nullfont!
Missing character: There is no e in font nullfont!
Missing character: There is no = in font nullfont!
Missing character: There is no m in font nullfont!
Missing character: There is no i in font nullfont!
Missing character: There is no d in font nullfont!
Missing character: There is no d in font nullfont!
Missing character: There is no l in font nullfont!
Missing character: There is no e in font nullfont!
Missing character: There is no , in font nullfont!
Missing character: There is no a in font nullfont!
Missing character: There is no x in font nullfont!
Missing character: There is no i in font nullfont!
Missing character: There is no s in font nullfont!
Missing character: There is no y in font nullfont!
Missing character: There is no l in font nullfont!
Missing character: There is no i in font nullfont!
Missing character: There is no n in font nullfont!
Missing character: There is no e in font nullfont!
Missing character: There is no = in font nullfont!
Missing character: There is no m in font nullfont!
Missing character: There is no i in font nullfont!
Missing character: There is no d in font nullfont!
Missing character: There is no d in font nullfont!
Missing character: There is no l in font nullfont!
Missing character: There is no e in font nullfont!
Missing character: There is no , in font nullfont!
Missing character: There is no g in font nullfont!
Missing character: There is no r in font nullfont!
Missing character: There is no i in font nullfont!
Missing character: There is no d in font nullfont!
Missing character: There is no = in font nullfont!
Missing character: There is no m in font nullfont!
Missing character: There is no a in font nullfont!
Missing character: There is no j in font nullfont!
Missing character: There is no o in font nullfont!
Missing character: There is no r in font nullfont!
Missing character: There is no , in font nullfont!
Missing character: There is no w in font nullfont!
Missing character: There is no i in font nullfont!
Missing character: There is no d in font nullfont!
Missing character: There is no t in font nullfont!
Missing character: There is no h in font nullfont!
Missing character: There is no = in font nullfont!
Missing character: There is no 1 in font nullfont!
Missing character: There is no 6 in font nullfont!
Missing character: There is no c in font nullfont!
Missing character: There is no m in font nullfont!
Missing character: There is no , in font nullfont!
Missing character: There is no h in font nullfont!
Missing character: There is no e in font nullfont!
Missing character: There is no i in font nullfont!
Missing character: There is no g in font nullfont!
Missing character: There is no h in font nullfont!
Missing character: There is no t in font nullfont!
Missing character: There is no = in font nullfont!
Missing character: There is no 6 in font nullfont!
Missing character: There is no c in font nullfont!
Missing character: There is no m in font nullfont!
Missing character: There is no , in font nullfont!
PGFPlots: reading {SVMPlot.csv}
[35]
Package hyperref Info: bookmark level for unknown algorithm defaults to 0 on in
put line 150.
 [36]
Overfull \hbox (21.62827pt too wide) in paragraph at lines 173--191
[] \OT1/cmr/m/n/12 = []$ $[]$ 
 []


Underfull \hbox (badness 10000) in paragraph at lines 173--191

 []

[37])
\openout2 = `Chapter6.aux'.

 (./Chapter6.tex
Chapter 6.

Package caption Warning: The option `hypcap=true' will be ignored for this
(caption)                particular \caption on input line 8.
See the caption package documentation for explanation.

[38



] [39]

Package caption Warning: The option `hypcap=true' will be ignored for this
(caption)                particular \caption on input line 34.
See the caption package documentation for explanation.


Underfull \hbox (badness 3536) in paragraph at lines 37--37
 []|\T1/cmr/m/n/12 Explanation| 
 []


Underfull \hbox (badness 1681) in paragraph at lines 46--46
 []|\T1/cmr/m/n/12 True Pos-i-tive Rate| 
 []


Underfull \hbox (badness 1603) in paragraph at lines 48--48
 []|\T1/cmr/m/n/12 False Pos-i-tive Rate| 
 []


Underfull \hbox (badness 1509) in paragraph at lines 50--50
 []|\T1/cmr/m/n/12 True Neg-a-tive Rate| 
 []


Underfull \hbox (badness 1436) in paragraph at lines 52--52
 []|\T1/cmr/m/n/12 False Neg-a-tive Rate| 
 []


Underfull \hbox (badness 1342) in paragraph at lines 62--63
 []|\T1/cmr/m/n/12 -| 
 []


Overfull \hbox (1.46497pt too wide) in paragraph at lines 35--67
 [][] 
 []

[40]

Package caption Warning: The option `hypcap=true' will be ignored for this
(caption)                particular \caption on input line 73.
See the caption package documentation for explanation.


Overfull \hbox (19.09021pt too wide) in paragraph at lines 74--81
 [][] 
 []


Underfull \hbox (badness 10000) in paragraph at lines 69--86

 []

[41]

Package caption Warning: The option `hypcap=true' will be ignored for this
(caption)                particular \caption on input line 89.
See the caption package documentation for explanation.


Overfull \hbox (19.09021pt too wide) in paragraph at lines 90--97
 [][] 
 []


Overfull \hbox (17.62482pt too wide) in paragraph at lines 87--100
[]$[]$ 
 []


Underfull \hbox (badness 10000) in paragraph at lines 87--100

 []


Package caption Warning: The option `hypcap=true' will be ignored for this
(caption)                particular \caption on input line 103.
See the caption package documentation for explanation.


Overfull \hbox (19.09021pt too wide) in paragraph at lines 104--111
 [][] 
 []


Overfull \hbox (17.62482pt too wide) in paragraph at lines 101--114
[]$[]$ 
 []


Underfull \hbox (badness 10000) in paragraph at lines 101--114

 []

<LRCMTestData.png, id=709, 578.16pt x 433.62pt>
File: LRCMTestData.png Graphic file (type png)
 <use LRCMTestData.png>
Package pdftex.def Info: LRCMTestData.png used on input line 117.
(pdftex.def)             Requested size: 284.52756pt x 213.39536pt.

<SVMCMTestData.png, id=711, 578.16pt x 433.62pt>
File: SVMCMTestData.png Graphic file (type png)
 <use SVMCMTestData.png>
Package pdftex.def Info: SVMCMTestData.png used on input line 124.
(pdftex.def)             Requested size: 284.52756pt x 213.39536pt.


LaTeX Warning: `!h' float specifier changed to `!ht'.

<RFCMTestData.png, id=712, 578.16pt x 433.62pt>
File: RFCMTestData.png Graphic file (type png)
 <use RFCMTestData.png>
Package pdftex.def Info: RFCMTestData.png used on input line 131.
(pdftex.def)             Requested size: 284.52756pt x 213.39536pt.


LaTeX Warning: `!h' float specifier changed to `!ht'.


Underfull \hbox (badness 10000) in paragraph at lines 137--138

 []

[42 <./LRCMTestData.png>] [43 <./SVMCMTestData.png> <./RFCMTestData.png>]

Package caption Warning: The option `hypcap=true' will be ignored for this
(caption)                particular \caption on input line 141.
See the caption package documentation for explanation.


Overfull \hbox (19.09021pt too wide) in paragraph at lines 142--148
 [][] 
 []


Overfull \hbox (17.62482pt too wide) in paragraph at lines 139--151
[]$[]$ 
 []


Underfull \hbox (badness 10000) in paragraph at lines 139--151

 []

<LRROCAUC.png, id=728, 578.16pt x 433.62pt>
File: LRROCAUC.png Graphic file (type png)
 <use LRROCAUC.png>
Package pdftex.def Info: LRROCAUC.png used on input line 154.
(pdftex.def)             Requested size: 284.52756pt x 213.39536pt.

<SVMROCAUC.png, id=729, 578.16pt x 433.62pt>
File: SVMROCAUC.png Graphic file (type png)
 <use SVMROCAUC.png>
Package pdftex.def Info: SVMROCAUC.png used on input line 161.
(pdftex.def)             Requested size: 284.52756pt x 213.39536pt.


LaTeX Warning: `!h' float specifier changed to `!ht'.

<RFROCAUC.png, id=730, 578.16pt x 433.62pt>
File: RFROCAUC.png Graphic file (type png)
 <use RFROCAUC.png>
Package pdftex.def Info: RFROCAUC.png used on input line 168.
(pdftex.def)             Requested size: 284.52756pt x 213.39536pt.


LaTeX Warning: `!h' float specifier changed to `!ht'.


Underfull \hbox (badness 10000) in paragraph at lines 185--185
[][][]\T1/cmr/m/n/10 http://www.economist.com/news/united-states/21588125-recov
ery-has-been-remarkable-
 []

<Ted.png, id=733, 593.21625pt x 212.795pt>
File: Ted.png Graphic file (type png)
 <use Ted.png>
Package pdftex.def Info: Ted.png used on input line 191.
(pdftex.def)             Requested size: 284.52756pt x 102.06575pt.

<MalaysianAIrlines.png, id=735, 587.19376pt x 392.46625pt>
File: MalaysianAIrlines.png Graphic file (type png)

<use MalaysianAIrlines.png>
Package pdftex.def Info: MalaysianAIrlines.png used on input line 204.
(pdftex.def)             Requested size: 284.52756pt x 190.17223pt.

Underfull \hbox (badness 10000) in paragraph at lines 174--212

 []


Underfull \hbox (badness 10000) in paragraph at lines 174--212

 []


Underfull \hbox (badness 10000) in paragraph at lines 174--212

 []

[44 <./LRROCAUC.png>] [45 <./SVMROCAUC.png> <./RFROCAUC.png>] [46] [47]
[48 <./Ted.png>] [49] [50 <./MalaysianAIrlines.png>]) [51]
\openout2 = `Chapter7.aux'.

 (./Chapter7.tex
Chapter 7.
[52



]) [53]
\openout2 = `bibliography.aux'.


No file bibliography.tex.
\openout2 = `appendix1.aux'.

(./appendix1.tex [54




] [55] <LRCMNewData.png, id=809, 578.16pt x 433.62pt>
File: LRCMNewData.png Graphic file (type png)

<use LRCMNewData.png>
Package pdftex.def Info: LRCMNewData.png used on input line 43.
(pdftex.def)             Requested size: 284.52756pt x 213.39536pt.
 <SVMCMNewData.png, id=810, 578.16pt x 433.62pt>
File: SVMCMNewData.png Graphic file (type png)

<use SVMCMNewData.png>
Package pdftex.def Info: SVMCMNewData.png used on input line 50.
(pdftex.def)             Requested size: 284.52756pt x 213.39536pt.


LaTeX Warning: `!h' float specifier changed to `!ht'.

<RFCMNewData.png, id=811, 578.16pt x 433.62pt>
File: RFCMNewData.png Graphic file (type png)
 <use RFCMNewData.png>
Package pdftex.def Info: RFCMNewData.png used on input line 57.
(pdftex.def)             Requested size: 284.52756pt x 213.39536pt.


LaTeX Warning: `!h' float specifier changed to `!ht'.

<LRCMRandomData.png, id=812, 578.16pt x 433.62pt>
File: LRCMRandomData.png Graphic file (type png)
 <use LRCMRandomData.png>
Package pdftex.def Info: LRCMRandomData.png used on input line 64.
(pdftex.def)             Requested size: 284.52756pt x 213.39536pt.


LaTeX Warning: `!h' float specifier changed to `!ht'.

<SVMCMRandomData.png, id=813, 578.16pt x 433.62pt>
File: SVMCMRandomData.png Graphic file (type png)
 <use SVMCMRandomData.png>
Package pdftex.def Info: SVMCMRandomData.png used on input line 71.
(pdftex.def)             Requested size: 284.52756pt x 213.39536pt.


LaTeX Warning: `!h' float specifier changed to `!ht'.

<RFCMRandomData.png, id=814, 578.16pt x 433.62pt>
File: RFCMRandomData.png Graphic file (type png)
 <use RFCMRandomData.png>
Package pdftex.def Info: RFCMRandomData.png used on input line 78.
(pdftex.def)             Requested size: 284.52756pt x 213.39536pt.


LaTeX Warning: `!h' float specifier changed to `!ht'.

) [56 <./LRCMNewData.png>] [57 <./SVMCMNewData.png> <./RFCMNewData.png>]
[58 <./LRCMRandomData.png> <./SVMCMRandomData.png>] [59 <./RFCMRandomData.png>]
(./ociamthesis.bbl [60


]
Underfull \hbox (badness 10000) in paragraph at lines 78--85
[]\T1/cmr/m/n/12 Kashmir Hill.  Hur-ri-cane Sandy, @Com-fort-ablySmug,
 []


Underfull \hbox (badness 10000) in paragraph at lines 78--85
\T1/cmr/m/n/12 and The Flood of So-cial Me-dia Mis-in-for-ma-tion.
 []


Underfull \hbox (badness 10000) in paragraph at lines 78--85
[]$\T1/cmtt/m/n/12 http : / / www . forbes . com / sites / kashmirhill / 2012 /
 10 / 30 /
 []


Underfull \hbox (badness 10000) in paragraph at lines 78--85
\T1/cmtt/m/n/12 hurricane-[]sandy-[]and-[]the-[]flood-[]of-[]social-[]media-[]m
isinformation/$[]\T1/cmr/m/n/12 ,
 []


Underfull \hbox (badness 1418) in paragraph at lines 113--118
[]\T1/cmr/m/n/12 Max Knoblauch.  AP18 Fake Twit-ter Ac-counts Still Prov-ing Ph
ony Is
 []


Underfull \hbox (badness 1460) in paragraph at lines 120--127
[]\T1/cmr/m/n/12 Michelle Ma.  Hold that RT: Much mis-in-for-ma-tion tweeted af
-ter 2013
 []


Overfull \hbox (67.97673pt too wide) in paragraph at lines 120--127
\T1/cmtt/m/n/12 hold-[]that-[]rt-[]much-[]misinformation-[]tweeted-[]after-[]20
13-[]boston-[]marathon-[]bombing/$[]\T1/cmr/m/n/12 ,
 []

[61]
Underfull \hbox (badness 10000) in paragraph at lines 185--191
\T1/cmtt/m/n/12 modules / generated / sklearn . preprocessing . StandardScaler 
. html$[]\T1/cmr/m/n/12 , 2014.
 []

[62])
Package atveryend Info: Empty hook `BeforeClearDocument' on input line 85.
 [63]
Package atveryend Info: Empty hook `AfterLastShipout' on input line 85.
 (./ociamthesis.aux (./abstract.aux) (./acknowlegements.aux)
(./Chapter1.aux) (./Chapter2.aux) (./Chapter3.aux) (./Chapter4.aux)
(./Chapter5.aux) (./Chapter6.aux) (./Chapter7.aux) (./bibliography.aux)
(./appendix1.aux))
Package atveryend Info: Executing hook `AtVeryEndDocument' on input line 85.
Package atveryend Info: Executing hook `AtEndAfterFileList' on input line 85.


Package rerunfilecheck Warning: File `ociamthesis.out' has changed.
(rerunfilecheck)                Rerun to get outlines right
(rerunfilecheck)                or use package `bookmark'.

Package rerunfilecheck Info: Checksums for `ociamthesis.out':
(rerunfilecheck)             Before: F842780A7778F164A55596FA2974CD2B;3693
(rerunfilecheck)             After:  1C3495B874972611F2A21A25E879E844;3634.

LaTeX Warning: There were multiply-defined labels.

Package atveryend Info: Empty hook `AtVeryVeryEnd' on input line 85.
 ) 
Here is how much of TeX's memory you used:
 25152 strings out of 493315
 545651 string characters out of 6137904
 841270 words of memory out of 5000000
 27761 multiletter control sequences out of 15000+600000
 26001 words of font info for 66 fonts, out of 8000000 for 9000
 957 hyphenation exceptions out of 8191
 65i,20n,84p,2808b,2041s stack positions out of 5000i,500n,10000p,200000b,80000s
pdfTeX warning (dest): name{Hfootnote.12} has been referenced but does not ex
ist, replaced by a fixed one

pdfTeX warning (dest): name{part.3} has been referenced but does not exist, rep
laced by a fixed one

{/usr/local/texlive/2013/texmf-dist/fonts/enc/dvips/cm-super/cm-super-t1.enc}</
usr/local/texlive/2013/texmf-dist/fonts/type1/public/amsfonts/cm/cmbx12.pfb></u
sr/local/texlive/2013/texmf-dist/fonts/type1/public/amsfonts/cm/cmex10.pfb></us
r/local/texlive/2013/texmf-dist/fonts/type1/public/amsfonts/cm/cmmi10.pfb></usr
/local/texlive/2013/texmf-dist/fonts/type1/public/amsfonts/cm/cmmi12.pfb></usr/
local/texlive/2013/texmf-dist/fonts/type1/public/amsfonts/cm/cmmi6.pfb></usr/lo
cal/texlive/2013/texmf-dist/fonts/type1/public/amsfonts/cm/cmmi7.pfb></usr/loca
l/texlive/2013/texmf-dist/fonts/type1/public/amsfonts/cm/cmmi8.pfb></usr/local/
texlive/2013/texmf-dist/fonts/type1/public/amsfonts/cm/cmr10.pfb></usr/local/te
xlive/2013/texmf-dist/fonts/type1/public/amsfonts/cm/cmr12.pfb></usr/local/texl
ive/2013/texmf-dist/fonts/type1/public/amsfonts/cm/cmr5.pfb></usr/local/texlive
/2013/texmf-dist/fonts/type1/public/amsfonts/cm/cmr6.pfb></usr/local/texlive/20
13/texmf-dist/fonts/type1/public/amsfonts/cm/cmr7.pfb></usr/local/texlive/2013/
texmf-dist/fonts/type1/public/amsfonts/cm/cmr8.pfb></usr/local/texlive/2013/tex
mf-dist/fonts/type1/public/amsfonts/cm/cmsy10.pfb></usr/local/texlive/2013/texm
f-dist/fonts/type1/public/amsfonts/cm/cmsy6.pfb></usr/local/texlive/2013/texmf-
dist/fonts/type1/public/amsfonts/cm/cmsy7.pfb></usr/local/texlive/2013/texmf-di
st/fonts/type1/public/amsfonts/cm/cmsy8.pfb></usr/local/texlive/2013/texmf-dist
/fonts/type1/public/amsfonts/symbols/msbm10.pfb></usr/local/texlive/2013/texmf-
dist/fonts/type1/public/cm-super/sfbx1200.pfb></usr/local/texlive/2013/texmf-di
st/fonts/type1/public/cm-super/sfbx1440.pfb></usr/local/texlive/2013/texmf-dist
/fonts/type1/public/cm-super/sfbx1728.pfb></usr/local/texlive/2013/texmf-dist/f
onts/type1/public/cm-super/sfbx2488.pfb></usr/local/texlive/2013/texmf-dist/fon
ts/type1/public/cm-super/sfrm0700.pfb></usr/local/texlive/2013/texmf-dist/fonts
/type1/public/cm-super/sfrm0800.pfb></usr/local/texlive/2013/texmf-dist/fonts/t
ype1/public/cm-super/sfrm1000.pfb></usr/local/texlive/2013/texmf-dist/fonts/typ
e1/public/cm-super/sfrm1200.pfb></usr/local/texlive/2013/texmf-dist/fonts/type1
/public/cm-super/sfrm1440.pfb></usr/local/texlive/2013/texmf-dist/fonts/type1/p
ublic/cm-super/sfrm1728.pfb></usr/local/texlive/2013/texmf-dist/fonts/type1/pub
lic/cm-super/sfti1200.pfb></usr/local/texlive/2013/texmf-dist/fonts/type1/publi
c/cm-super/sfti1440.pfb></usr/local/texlive/2013/texmf-dist/fonts/type1/public/
cm-super/sftt1000.pfb></usr/local/texlive/2013/texmf-dist/fonts/type1/public/cm
-super/sftt1200.pfb>
Output written on ociamthesis.pdf (69 pages, 1175330 bytes).
PDF statistics:
 1040 PDF objects out of 1200 (max. 8388607)
 899 compressed objects within 9 object streams
 227 named destinations out of 1000 (max. 500000)
 541 words of extra memory for PDF output out of 10000 (max. 10000000)

